[objects]
build/src/object/palette/Palette.rotate.o
build/src/object/palette/abstract.Palette.o
build/src/object/hdma/abstract.Hdma.o
build/src/object/hdma/videoMask.o
build/src/object/hdma/Hdma.dashboard.mode.o
build/src/object/hdma/logoZoom.o
build/src/object/msu1/msu1.o
build/src/object/msu1/msu1.audio.o
build/src/object/sort/abstract.Sort.o
build/src/object/brightness/brightness.o
build/src/object/sprite/brake.o
build/src/object/sprite/Sprite.bang.o
build/src/object/sprite/Sprite.life_counter.o
build/src/object/sprite/Sprite.life_car.o
build/src/object/sprite/turbo.o
build/src/object/sprite/steering_wheel.o
build/src/object/sprite/abstract.Sprite.o
build/src/object/sprite/right_arrow.o
build/src/object/sprite/super.o
build/src/object/sprite/Sprite.score.o
build/src/object/sprite/left_arrow.o
build/src/object/background/Background.generic.o
build/src/object/background/Background.textlayer.16x16.o
build/src/object/background/Background.textlayer.8x8.o
build/src/object/background/abstract.Background.o
build/src/object/background/Background.dashboard.o
build/src/object/background/Background.framebuffer.o
build/src/object/iterator/abstract.Iterator.o
build/src/object/player/player.o
build/src/object/player/nameinput.o
build/src/object/player/pause.o
build/src/object/player/score.o
build/src/object/unit_test/test_object.o
build/src/object/unit_test/unit_test.o
build/src/object/unit_test/iterator_test.o
build/src/object/script/script.o
build/src/object/script/abstract.Script.o
build/src/object/audio/spcinterface.o
build/src/object/event/Event.direction_left.o
build/src/object/event/Event.brake.o
build/src/object/event/Event.accelerate.o
build/src/object/event/Event.checkpoint.o
build/src/object/event/Event.touch.o
build/src/object/event/abstract.Event.o
build/src/object/event/Event.chapter.o
build/src/object/event/Event.shake.o
build/src/object/event/Event.change_dash.o
build/src/object/event/Event.show_help.o
build/src/object/event/Event.confirm.o
build/src/object/event/Event.hide_dash.o
build/src/object/event/Event.hide_sunscreen.o
build/src/object/event/Event.target.o
build/src/object/event/Event.direction_right.o
build/src/text/textstrings.o
build/src/core/memoryclear.o
build/src/core/string.o
build/src/core/screen.o
build/src/core/allocate_cgram.o
build/src/core/dma_channel.o
build/src/core/random.o
build/src/core/nmi.o
build/src/core/oop.o
build/src/core/allocate_wram.o
build/src/core/dma.o
build/src/core/boot.o
build/src/core/input.o
build/src/core/oam.o
build/src/core/persistency.o
build/src/core/error.o
build/src/core/allocate_vram.o
build/src/core/irq.o
